<?xml version="1.0" encoding="UTF-8"?>
<!-- Generated by org.testng.reporters.JUnitReportReporter -->
<testsuite skipped="0" hostname="DESKTOP-C3O2LMD" name="com.cjc.mt.tests.Test" tests="2" failures="0" timestamp="22 Apr 2021 08:35:34 GMT" time="29.908" errors="0">
  <testcase name="registerTest" time="20.801" classname="com.cjc.mt.tests.Test"/>
  <testcase name="loginTest" time="9.107" classname="com.cjc.mt.tests.Test"/>
</testsuite> <!-- com.cjc.mt.tests.Test -->
