<?xml version="1.0" encoding="UTF-8"?>
<!-- Generated by org.testng.reporters.JUnitReportReporter -->
<testsuite skipped="0" hostname="DESKTOP-C3O2LMD" name="com.cjc.dws.test.Test_RegisterPage" tests="1" failures="0" timestamp="23 Apr 2021 10:53:19 GMT" time="6.421" errors="0">
  <testcase name="regPage" time="6.421" classname="com.cjc.dws.test.Test_RegisterPage"/>
</testsuite> <!-- com.cjc.dws.test.Test_RegisterPage -->
