<?xml version="1.0" encoding="UTF-8"?>
<!-- Generated by org.testng.reporters.JUnitReportReporter -->
<testsuite skipped="0" hostname="DESKTOP-C3O2LMD" name="com.cjc.dws.test.Tests" tests="4" failures="0" timestamp="27 Apr 2021 07:23:54 GMT" time="313.371" errors="0">
  <testcase name="regPage" time="6.322" classname="com.cjc.dws.test.Tests"/>
  <testcase name="addtocart" time="283.059" classname="com.cjc.dws.test.Tests"/>
  <testcase name="shopcart" time="3.519" classname="com.cjc.dws.test.Tests"/>
  <testcase name="paymentGateway" time="20.471" classname="com.cjc.dws.test.Tests"/>
</testsuite> <!-- com.cjc.dws.test.Tests -->
